<?xml version="1.0" encoding="UTF-8"?>
<testng-results ignored="0" total="2" passed="2" failed="0" skipped="0">
  <reporter-output>
  </reporter-output>
  <suite started-at="2021-04-15T10:30:36 IST" name="All Test Suite" finished-at="2021-04-15T10:30:36 IST" duration-ms="51">
    <groups>
    </groups>
    <test started-at="2021-04-15T10:30:36 IST" name="Demo TestNG Login" finished-at="2021-04-15T10:30:36 IST" duration-ms="51">
      <class name="com.practice.gradle.LoginTest">
        <test-method is-config="true" signature="setup()[pri:0, instance:com.practice.gradle.LoginTest@149494d8]" started-at="2021-04-15T10:30:36 IST" name="setup" finished-at="2021-04-15T10:30:36 IST" duration-ms="11" status="PASS">
          <reporter-output>
          </reporter-output>
        </test-method> <!-- setup -->
        <test-method is-config="true" signature="loggingIn()[pri:0, instance:com.practice.gradle.LoginTest@149494d8]" started-at="2021-04-15T10:30:36 IST" name="loggingIn" finished-at="2021-04-15T10:30:36 IST" duration-ms="0" status="PASS">
          <reporter-output>
          </reporter-output>
        </test-method> <!-- loggingIn -->
        <test-method signature="homePage()[pri:0, instance:com.practice.gradle.LoginTest@149494d8]" started-at="2021-04-15T10:30:36 IST" name="homePage" finished-at="2021-04-15T10:30:36 IST" duration-ms="1" status="PASS">
          <reporter-output>
          </reporter-output>
        </test-method> <!-- homePage -->
        <test-method is-config="true" signature="loggingOut()[pri:0, instance:com.practice.gradle.LoginTest@149494d8]" started-at="2021-04-15T10:30:36 IST" name="loggingOut" finished-at="2021-04-15T10:30:36 IST" duration-ms="1" status="PASS">
          <reporter-output>
          </reporter-output>
        </test-method> <!-- loggingOut -->
        <test-method is-config="true" signature="loggingIn()[pri:0, instance:com.practice.gradle.LoginTest@149494d8]" started-at="2021-04-15T10:30:36 IST" name="loggingIn" finished-at="2021-04-15T10:30:36 IST" duration-ms="1" status="PASS">
          <reporter-output>
          </reporter-output>
        </test-method> <!-- loggingIn -->
        <test-method signature="myAccount()[pri:0, instance:com.practice.gradle.LoginTest@149494d8]" started-at="2021-04-15T10:30:36 IST" name="myAccount" finished-at="2021-04-15T10:30:36 IST" duration-ms="1" status="PASS">
          <reporter-output>
          </reporter-output>
        </test-method> <!-- myAccount -->
        <test-method is-config="true" signature="loggingOut()[pri:0, instance:com.practice.gradle.LoginTest@149494d8]" started-at="2021-04-15T10:30:36 IST" name="loggingOut" finished-at="2021-04-15T10:30:36 IST" duration-ms="2" status="PASS">
          <reporter-output>
          </reporter-output>
        </test-method> <!-- loggingOut -->
        <test-method is-config="true" signature="close()[pri:0, instance:com.practice.gradle.LoginTest@149494d8]" started-at="2021-04-15T10:30:36 IST" name="close" finished-at="2021-04-15T10:30:36 IST" duration-ms="0" status="PASS">
          <reporter-output>
          </reporter-output>
        </test-method> <!-- close -->
      </class> <!-- com.practice.gradle.LoginTest -->
    </test> <!-- Demo TestNG Login -->
  </suite> <!-- All Test Suite -->
</testng-results>
